<?xml version="1.0" encoding="UTF-8"?>
<testng-results ignored="0" total="1" passed="1" failed="0" skipped="0">
  <reporter-output>
  </reporter-output>
  <suite started-at="2023-11-01T11:51:01 IST" name="Suite" finished-at="2023-11-01T11:51:04 IST" duration-ms="2455">
    <groups>
    </groups>
    <test started-at="2023-11-01T11:51:01 IST" name="Test" finished-at="2023-11-01T11:51:04 IST" duration-ms="2455">
      <class name="com.qa.testscripts.TC_Scenario_001">
        <test-method is-config="true" signature="setUp(java.lang.String)[pri:0, instance:com.qa.testscripts.TC_Scenario_001@15043a2f]" started-at="2023-11-01T11:50:54 IST" name="setUp" finished-at="2023-11-01T11:51:01 IST" duration-ms="7576" status="PASS">
          <params>
            <param index="0">
              <value>
                <![CDATA[https://webdriveruniversity.com/index.html]]>
              </value>
            </param>
          </params>
          <reporter-output>
          </reporter-output>
        </test-method> <!-- setUp -->
        <test-method signature="Scenario1()[pri:0, instance:com.qa.testscripts.TC_Scenario_001@15043a2f]" started-at="2023-11-01T11:51:02 IST" name="Scenario1" finished-at="2023-11-01T11:51:04 IST" duration-ms="2391" status="PASS">
          <reporter-output>
          </reporter-output>
        </test-method> <!-- Scenario1 -->
        <test-method is-config="true" signature="tearDown()[pri:0, instance:com.qa.testscripts.TC_Scenario_001@15043a2f]" started-at="2023-11-01T11:51:04 IST" name="tearDown" finished-at="2023-11-01T11:51:04 IST" duration-ms="363" status="PASS">
          <reporter-output>
          </reporter-output>
        </test-method> <!-- tearDown -->
      </class> <!-- com.qa.testscripts.TC_Scenario_001 -->
    </test> <!-- Test -->
  </suite> <!-- Suite -->
</testng-results>
